<?xml version="1.0" encoding="UTF-8"?>
<coverage generated="1782293911604" clover="3.2.0">
  <project timestamp="1782293911604" name="All files">
    <metrics statements="51" coveredstatements="39" conditionals="31" coveredconditionals="20" methods="20" coveredmethods="13" elements="102" coveredelements="72" complexity="0" loc="51" ncloc="51" packages="4" files="6" classes="6"/>
    <package name="src">
      <metrics statements="2" coveredstatements="2" conditionals="6" coveredconditionals="2" methods="0" coveredmethods="0"/>
      <file name="constants.js" path="/Users/romalopes/Documents/studies/rails/video_project/video_rails_api/video_react_client/src/constants.js">
        <metrics statements="2" coveredstatements="2" conditionals="6" coveredconditionals="2" methods="0" coveredmethods="0"/>
        <line num="3" count="2" type="cond" truecount="1" falsecount="1"/>
        <line num="9" count="2" type="cond" truecount="1" falsecount="1"/>
      </file>
    </package>
    <package name="src.components">
      <metrics statements="6" coveredstatements="6" conditionals="2" coveredconditionals="2" methods="3" coveredmethods="3"/>
      <file name="NavBar.jsx" path="/Users/romalopes/Documents/studies/rails/video_project/video_rails_api/video_react_client/src/components/NavBar.jsx">
        <metrics statements="1" coveredstatements="1" conditionals="0" coveredconditionals="0" methods="1" coveredmethods="1"/>
        <line num="6" count="7" type="stmt"/>
      </file>
      <file name="ShowLogin.jsx" path="/Users/romalopes/Documents/studies/rails/video_project/video_rails_api/video_react_client/src/components/ShowLogin.jsx">
        <metrics statements="5" coveredstatements="5" conditionals="2" coveredconditionals="2" methods="2" coveredmethods="2"/>
        <line num="19" count="2" type="stmt"/>
        <line num="21" count="2" type="stmt"/>
        <line num="24" count="12" type="cond" truecount="2" falsecount="0"/>
        <line num="25" count="9" type="stmt"/>
        <line num="32" count="3" type="stmt"/>
      </file>
    </package>
    <package name="src.features.auth">
      <metrics statements="7" coveredstatements="3" conditionals="2" coveredconditionals="1" methods="4" coveredmethods="0"/>
      <file name="auth.js" path="/Users/romalopes/Documents/studies/rails/video_project/video_rails_api/video_react_client/src/features/auth/auth.js">
        <metrics statements="7" coveredstatements="3" conditionals="2" coveredconditionals="1" methods="4" coveredmethods="0"/>
        <line num="6" count="1" type="stmt"/>
        <line num="8" count="1" type="stmt"/>
        <line num="10" count="0" type="stmt"/>
        <line num="25" count="0" type="stmt"/>
        <line num="29" count="0" type="stmt"/>
        <line num="33" count="0" type="stmt"/>
        <line num="37" count="1" type="cond" truecount="1" falsecount="1"/>
      </file>
    </package>
    <package name="src.features.posts">
      <metrics statements="36" coveredstatements="28" conditionals="21" coveredconditionals="15" methods="13" coveredmethods="10"/>
      <file name="PostForm.jsx" path="/Users/romalopes/Documents/studies/rails/video_project/video_rails_api/video_react_client/src/features/posts/PostForm.jsx">
        <metrics statements="9" coveredstatements="9" conditionals="2" coveredconditionals="2" methods="4" coveredmethods="4"/>
        <line num="7" count="48" type="stmt"/>
        <line num="14" count="48" type="stmt"/>
        <line num="21" count="2" type="stmt"/>
        <line num="22" count="2" type="stmt"/>
        <line num="23" count="2" type="stmt"/>
        <line num="35" count="23" type="stmt"/>
        <line num="47" count="19" type="stmt"/>
        <line num="69" count="1" type="stmt"/>
        <line num="79" count="1" type="stmt"/>
      </file>
      <file name="PostList.jsx" path="/Users/romalopes/Documents/studies/rails/video_project/video_rails_api/video_react_client/src/features/posts/PostList.jsx">
        <metrics statements="27" coveredstatements="19" conditionals="19" coveredconditionals="13" methods="9" coveredmethods="6"/>
        <line num="11" count="3" type="cond" truecount="1" falsecount="2"/>
        <line num="15" count="2" type="cond" truecount="1" falsecount="1"/>
        <line num="17" count="0" type="stmt"/>
        <line num="25" count="7" type="stmt"/>
        <line num="26" count="7" type="stmt"/>
        <line num="27" count="7" type="stmt"/>
        <line num="28" count="7" type="stmt"/>
        <line num="30" count="7" type="stmt"/>
        <line num="31" count="3" type="stmt"/>
        <line num="32" count="3" type="stmt"/>
        <line num="33" count="3" type="stmt"/>
        <line num="35" count="3" type="stmt"/>
        <line num="36" count="3" type="stmt"/>
        <line num="37" count="3" type="stmt"/>
        <line num="46" count="0" type="stmt"/>
        <line num="48" count="3" type="stmt"/>
        <line num="52" count="3" type="stmt"/>
        <line num="55" count="7" type="stmt"/>
        <line num="56" count="0" type="cond" truecount="0" falsecount="2"/>
        <line num="57" count="0" type="stmt"/>
        <line num="58" count="0" type="stmt"/>
        <line num="68" count="0" type="stmt"/>
        <line num="70" count="0" type="stmt"/>
        <line num="92" count="7" type="stmt"/>
        <line num="94" count="7" type="stmt"/>
        <line num="153" count="2" type="stmt"/>
        <line num="173" count="0" type="stmt"/>
      </file>
    </package>
  </project>
</coverage>
