{"/Users/romalopes/Documents/studies/rails/video_project/video_rails_api/video_react_client/src/constants.js": {"path":"/Users/romalopes/Documents/studies/rails/video_project/video_rails_api/video_react_client/src/constants.js","statementMap":{"0":{"start":{"line":3,"column":2},"end":{"line":6,"column":null}},"1":{"start":{"line":9,"column":2},"end":{"line":11,"column":null}}},"fnMap":{},"branchMap":{"0":{"loc":{"start":{"line":3,"column":2},"end":{"line":6,"column":null}},"type":"cond-expr","locations":[{"start":{"line":4,"column":6},"end":{"line":4,"column":null}},{"start":{"line":5,"column":6},"end":{"line":6,"column":null}}],"line":3},"1":{"loc":{"start":{"line":5,"column":6},"end":{"line":6,"column":null}},"type":"binary-expr","locations":[{"start":{"line":5,"column":6},"end":{"line":5,"column":null}},{"start":{"line":6,"column":6},"end":{"line":6,"column":null}}],"line":5},"2":{"loc":{"start":{"line":9,"column":2},"end":{"line":11,"column":null}},"type":"cond-expr","locations":[{"start":{"line":10,"column":6},"end":{"line":10,"column":null}},{"start":{"line":11,"column":6},"end":{"line":11,"column":null}}],"line":9}},"s":{"0":2,"1":2},"f":{},"b":{"0":[2,0],"1":[0,0],"2":[2,0]},"meta":{"lastBranch":3,"lastFunction":0,"lastStatement":2,"seen":{"s:3:2:6:Infinity":0,"b:4:6:4:Infinity:5:6:6:Infinity":0,"b:5:6:5:Infinity:6:6:6:Infinity":1,"s:9:2:11:Infinity":1,"b:10:6:10:Infinity:11:6:11:Infinity":2}}}
,"/Users/romalopes/Documents/studies/rails/video_project/video_rails_api/video_react_client/src/components/NavBar.jsx": {"path":"/Users/romalopes/Documents/studies/rails/video_project/video_rails_api/video_react_client/src/components/NavBar.jsx","statementMap":{"0":{"start":{"line":6,"column":2},"end":{"line":29,"column":null}}},"fnMap":{"0":{"name":"NavBar","decl":{"start":{"line":5,"column":9},"end":{"line":5,"column":16}},"loc":{"start":{"line":5,"column":44},"end":{"line":31,"column":null}},"line":5}},"branchMap":{},"s":{"0":7},"f":{"0":7},"b":{},"meta":{"lastBranch":0,"lastFunction":1,"lastStatement":1,"seen":{"f:5:9:5:16":0,"s:6:2:29:Infinity":0}}}
,"/Users/romalopes/Documents/studies/rails/video_project/video_rails_api/video_react_client/src/components/ShowLogin.jsx": {"path":"/Users/romalopes/Documents/studies/rails/video_project/video_rails_api/video_react_client/src/components/ShowLogin.jsx","statementMap":{"0":{"start":{"line":19,"column":4},"end":{"line":19,"column":null}},"1":{"start":{"line":21,"column":4},"end":{"line":21,"column":null}},"2":{"start":{"line":24,"column":2},"end":{"line":31,"column":null}},"3":{"start":{"line":25,"column":4},"end":{"line":29,"column":null}},"4":{"start":{"line":32,"column":2},"end":{"line":36,"column":null}}},"fnMap":{"0":{"name":"ShowLogin","decl":{"start":{"line":5,"column":9},"end":{"line":5,"column":19}},"loc":{"start":{"line":5,"column":38},"end":{"line":38,"column":null}},"line":5},"1":{"name":"handleSignOut","decl":{"start":{"line":18,"column":17},"end":{"line":18,"column":33}},"loc":{"start":{"line":18,"column":33},"end":{"line":22,"column":null}},"line":18}},"branchMap":{"0":{"loc":{"start":{"line":24,"column":2},"end":{"line":31,"column":null}},"type":"if","locations":[{"start":{"line":24,"column":2},"end":{"line":31,"column":null}},{"start":{},"end":{}}],"line":24}},"s":{"0":2,"1":2,"2":12,"3":9,"4":3},"f":{"0":12,"1":2},"b":{"0":[9,3]},"meta":{"lastBranch":1,"lastFunction":2,"lastStatement":5,"seen":{"f:5:9:5:19":0,"f:18:17:18:33":1,"s:19:4:19:Infinity":0,"s:21:4:21:Infinity":1,"b:24:2:31:Infinity:undefined:undefined:undefined:undefined":0,"s:24:2:31:Infinity":2,"s:25:4:29:Infinity":3,"s:32:2:36:Infinity":4}}}
,"/Users/romalopes/Documents/studies/rails/video_project/video_rails_api/video_react_client/src/features/auth/auth.js": {"path":"/Users/romalopes/Documents/studies/rails/video_project/video_rails_api/video_react_client/src/features/auth/auth.js","statementMap":{"0":{"start":{"line":6,"column":22},"end":{"line":6,"column":null}},"1":{"start":{"line":8,"column":23},"end":{"line":35,"column":null}},"2":{"start":{"line":10,"column":4},"end":{"line":21,"column":null}},"3":{"start":{"line":25,"column":4},"end":{"line":25,"column":null}},"4":{"start":{"line":29,"column":4},"end":{"line":29,"column":null}},"5":{"start":{"line":33,"column":4},"end":{"line":33,"column":null}},"6":{"start":{"line":37,"column":26},"end":{"line":39,"column":null}}},"fnMap":{"0":{"name":"getSession","decl":{"start":{"line":9,"column":8},"end":{"line":9,"column":21}},"loc":{"start":{"line":9,"column":21},"end":{"line":22,"column":null}},"line":9},"1":{"name":"signIn","decl":{"start":{"line":24,"column":8},"end":{"line":24,"column":17}},"loc":{"start":{"line":24,"column":17},"end":{"line":26,"column":null}},"line":24},"2":{"name":"signUp","decl":{"start":{"line":28,"column":8},"end":{"line":28,"column":17}},"loc":{"start":{"line":28,"column":17},"end":{"line":30,"column":null}},"line":28},"3":{"name":"signOut","decl":{"start":{"line":32,"column":8},"end":{"line":32,"column":18}},"loc":{"start":{"line":32,"column":18},"end":{"line":34,"column":null}},"line":32}},"branchMap":{"0":{"loc":{"start":{"line":37,"column":26},"end":{"line":39,"column":null}},"type":"cond-expr","locations":[{"start":{"line":38,"column":4},"end":{"line":38,"column":null}},{"start":{"line":38,"column":4},"end":{"line":39,"column":null}}],"line":37}},"s":{"0":1,"1":1,"2":0,"3":0,"4":0,"5":0,"6":1},"f":{"0":0,"1":0,"2":0,"3":0},"b":{"0":[1,0]},"meta":{"lastBranch":1,"lastFunction":4,"lastStatement":7,"seen":{"s:6:22:6:Infinity":0,"s:8:23:35:Infinity":1,"f:9:8:9:21":0,"s:10:4:21:Infinity":2,"f:24:8:24:17":1,"s:25:4:25:Infinity":3,"f:28:8:28:17":2,"s:29:4:29:Infinity":4,"f:32:8:32:18":3,"s:33:4:33:Infinity":5,"s:37:26:39:Infinity":6,"b:38:4:38:Infinity:38:4:39:Infinity":0}}}
,"/Users/romalopes/Documents/studies/rails/video_project/video_rails_api/video_react_client/src/features/posts/PostForm.jsx": {"path":"/Users/romalopes/Documents/studies/rails/video_project/video_rails_api/video_react_client/src/features/posts/PostForm.jsx","statementMap":{"0":{"start":{"line":7,"column":19},"end":{"line":12,"column":null}},"1":{"start":{"line":14,"column":2},"end":{"line":65,"column":null}},"2":{"start":{"line":21,"column":10},"end":{"line":21,"column":null}},"3":{"start":{"line":22,"column":10},"end":{"line":22,"column":null}},"4":{"start":{"line":23,"column":10},"end":{"line":23,"column":null}},"5":{"start":{"line":35,"column":16},"end":{"line":35,"column":null}},"6":{"start":{"line":47,"column":16},"end":{"line":47,"column":null}},"7":{"start":{"line":69,"column":0},"end":{"line":77,"column":null}},"8":{"start":{"line":79,"column":0},"end":{"line":83,"column":null}}},"fnMap":{"0":{"name":"PostForm","decl":{"start":{"line":6,"column":9},"end":{"line":6,"column":18}},"loc":{"start":{"line":6,"column":62},"end":{"line":67,"column":null}},"line":6},"1":{"name":"(anonymous_1)","decl":{"start":{"line":20,"column":8},"end":{"line":20,"column":19}},"loc":{"start":{"line":20,"column":25},"end":{"line":24,"column":null}},"line":20},"2":{"name":"(anonymous_2)","decl":{"start":{"line":34,"column":14},"end":{"line":34,"column":25}},"loc":{"start":{"line":35,"column":16},"end":{"line":35,"column":null}},"line":35},"3":{"name":"(anonymous_3)","decl":{"start":{"line":46,"column":14},"end":{"line":46,"column":25}},"loc":{"start":{"line":47,"column":16},"end":{"line":47,"column":null}},"line":47}},"branchMap":{"0":{"loc":{"start":{"line":8,"column":4},"end":{"line":11,"column":null}},"type":"binary-expr","locations":[{"start":{"line":8,"column":4},"end":{"line":8,"column":12}},{"start":{"line":8,"column":12},"end":{"line":11,"column":null}}],"line":8}},"s":{"0":48,"1":48,"2":2,"3":2,"4":2,"5":23,"6":19,"7":1,"8":1},"f":{"0":48,"1":2,"2":23,"3":19},"b":{"0":[48,36]},"meta":{"lastBranch":1,"lastFunction":4,"lastStatement":9,"seen":{"f:6:9:6:18":0,"s:7:19:12:Infinity":0,"b:8:4:8:12:8:12:11:Infinity":0,"s:14:2:65:Infinity":1,"f:20:8:20:19":1,"s:21:10:21:Infinity":2,"s:22:10:22:Infinity":3,"s:23:10:23:Infinity":4,"f:34:14:34:25":2,"s:35:16:35:Infinity":5,"f:46:14:46:25":3,"s:47:16:47:Infinity":6,"s:69:0:77:Infinity":7,"s:79:0:83:Infinity":8}}}
,"/Users/romalopes/Documents/studies/rails/video_project/video_rails_api/video_react_client/src/features/posts/PostList.jsx": {"path":"/Users/romalopes/Documents/studies/rails/video_project/video_rails_api/video_react_client/src/features/posts/PostList.jsx","statementMap":{"0":{"start":{"line":11,"column":2},"end":{"line":11,"column":null}},"1":{"start":{"line":15,"column":2},"end":{"line":15,"column":null}},"2":{"start":{"line":15,"column":14},"end":{"line":15,"column":null}},"3":{"start":{"line":17,"column":2},"end":{"line":21,"column":null}},"4":{"start":{"line":25,"column":16},"end":{"line":25,"column":null}},"5":{"start":{"line":26,"column":18},"end":{"line":26,"column":null}},"6":{"start":{"line":27,"column":16},"end":{"line":27,"column":null}},"7":{"start":{"line":28,"column":8},"end":{"line":28,"column":null}},"8":{"start":{"line":30,"column":2},"end":{"line":53,"column":null}},"9":{"start":{"line":31,"column":23},"end":{"line":50,"column":null}},"10":{"start":{"line":32,"column":6},"end":{"line":32,"column":null}},"11":{"start":{"line":33,"column":6},"end":{"line":33,"column":null}},"12":{"start":{"line":35,"column":6},"end":{"line":49,"column":null}},"13":{"start":{"line":36,"column":21},"end":{"line":36,"column":null}},"14":{"start":{"line":37,"column":8},"end":{"line":37,"column":null}},"15":{"start":{"line":46,"column":8},"end":{"line":46,"column":null}},"16":{"start":{"line":48,"column":8},"end":{"line":48,"column":null}},"17":{"start":{"line":52,"column":4},"end":{"line":52,"column":null}},"18":{"start":{"line":55,"column":21},"end":{"line":73,"column":null}},"19":{"start":{"line":56,"column":4},"end":{"line":72,"column":null}},"20":{"start":{"line":57,"column":6},"end":{"line":71,"column":null}},"21":{"start":{"line":58,"column":8},"end":{"line":58,"column":null}},"22":{"start":{"line":68,"column":8},"end":{"line":68,"column":null}},"23":{"start":{"line":68,"column":40},"end":{"line":68,"column":54}},"24":{"start":{"line":70,"column":8},"end":{"line":70,"column":null}},"25":{"start":{"line":92,"column":21},"end":{"line":92,"column":null}},"26":{"start":{"line":94,"column":2},"end":{"line":182,"column":null}},"27":{"start":{"line":153,"column":14},"end":{"line":177,"column":null}},"28":{"start":{"line":173,"column":33},"end":{"line":173,"column":null}}},"fnMap":{"0":{"name":"getPostBody","decl":{"start":{"line":10,"column":9},"end":{"line":10,"column":21}},"loc":{"start":{"line":10,"column":27},"end":{"line":12,"column":null}},"line":10},"1":{"name":"formatDate","decl":{"start":{"line":14,"column":9},"end":{"line":14,"column":20}},"loc":{"start":{"line":14,"column":27},"end":{"line":22,"column":null}},"line":14},"2":{"name":"PostList","decl":{"start":{"line":24,"column":9},"end":{"line":24,"column":20}},"loc":{"start":{"line":24,"column":20},"end":{"line":184,"column":null}},"line":24},"3":{"name":"(anonymous_3)","decl":{"start":{"line":30,"column":2},"end":{"line":30,"column":18}},"loc":{"start":{"line":30,"column":18},"end":{"line":53,"column":5}},"line":30},"4":{"name":"(anonymous_4)","decl":{"start":{"line":31,"column":23},"end":{"line":31,"column":35}},"loc":{"start":{"line":31,"column":35},"end":{"line":50,"column":null}},"line":31},"5":{"name":"(anonymous_5)","decl":{"start":{"line":55,"column":21},"end":{"line":55,"column":28}},"loc":{"start":{"line":55,"column":35},"end":{"line":73,"column":null}},"line":55},"6":{"name":"(anonymous_6)","decl":{"start":{"line":68,"column":23},"end":{"line":68,"column":31}},"loc":{"start":{"line":68,"column":40},"end":{"line":68,"column":54}},"line":68},"7":{"name":"(anonymous_7)","decl":{"start":{"line":152,"column":19},"end":{"line":152,"column":24}},"loc":{"start":{"line":153,"column":14},"end":{"line":177,"column":null}},"line":153},"8":{"name":"(anonymous_8)","decl":{"start":{"line":173,"column":18},"end":{"line":173,"column":33}},"loc":{"start":{"line":173,"column":33},"end":{"line":173,"column":null}},"line":173}},"branchMap":{"0":{"loc":{"start":{"line":11,"column":9},"end":{"line":11,"column":null}},"type":"binary-expr","locations":[{"start":{"line":11,"column":9},"end":{"line":11,"column":22}},{"start":{"line":11,"column":22},"end":{"line":11,"column":38}},{"start":{"line":11,"column":38},"end":{"line":11,"column":null}}],"line":11},"1":{"loc":{"start":{"line":15,"column":2},"end":{"line":15,"column":null}},"type":"if","locations":[{"start":{"line":15,"column":2},"end":{"line":15,"column":null}},{"start":{},"end":{}}],"line":15},"2":{"loc":{"start":{"line":56,"column":4},"end":{"line":72,"column":null}},"type":"if","locations":[{"start":{"line":56,"column":4},"end":{"line":72,"column":null}},{"start":{},"end":{}}],"line":56},"3":{"loc":{"start":{"line":109,"column":7},"end":{"line":113,"column":null}},"type":"binary-expr","locations":[{"start":{"line":109,"column":7},"end":{"line":109,"column":null}},{"start":{"line":110,"column":8},"end":{"line":113,"column":null}}],"line":109},"4":{"loc":{"start":{"line":116,"column":7},"end":{"line":119,"column":null}},"type":"binary-expr","locations":[{"start":{"line":116,"column":7},"end":{"line":116,"column":null}},{"start":{"line":117,"column":8},"end":{"line":119,"column":null}}],"line":116},"5":{"loc":{"start":{"line":122,"column":7},"end":{"line":129,"column":null}},"type":"binary-expr","locations":[{"start":{"line":122,"column":7},"end":{"line":122,"column":19}},{"start":{"line":122,"column":19},"end":{"line":122,"column":29}},{"start":{"line":122,"column":29},"end":{"line":122,"column":null}},{"start":{"line":123,"column":8},"end":{"line":129,"column":null}}],"line":122},"6":{"loc":{"start":{"line":132,"column":7},"end":{"line":180,"column":null}},"type":"binary-expr","locations":[{"start":{"line":132,"column":7},"end":{"line":132,"column":19}},{"start":{"line":132,"column":19},"end":{"line":132,"column":29}},{"start":{"line":132,"column":29},"end":{"line":132,"column":null}},{"start":{"line":133,"column":8},"end":{"line":180,"column":null}}],"line":132}},"s":{"0":3,"1":2,"2":2,"3":0,"4":7,"5":7,"6":7,"7":7,"8":7,"9":3,"10":3,"11":3,"12":3,"13":3,"14":3,"15":0,"16":3,"17":3,"18":7,"19":0,"20":0,"21":0,"22":0,"23":0,"24":0,"25":7,"26":7,"27":2,"28":0},"f":{"0":3,"1":2,"2":7,"3":3,"4":3,"5":0,"6":0,"7":2,"8":0},"b":{"0":[3,0,0],"1":[2,0],"2":[0,0],"3":[7,3],"4":[7,0],"5":[7,4,4,3],"6":[7,4,4,1]},"meta":{"lastBranch":7,"lastFunction":9,"lastStatement":29,"seen":{"f:10:9:10:21":0,"s:11:2:11:Infinity":0,"b:11:9:11:22:11:22:11:38:11:38:11:Infinity":0,"f:14:9:14:20":1,"b:15:2:15:Infinity:undefined:undefined:undefined:undefined":1,"s:15:2:15:Infinity":1,"s:15:14:15:Infinity":2,"s:17:2:21:Infinity":3,"f:24:9:24:20":2,"s:25:16:25:Infinity":4,"s:26:18:26:Infinity":5,"s:27:16:27:Infinity":6,"s:28:8:28:Infinity":7,"s:30:2:53:Infinity":8,"f:30:2:30:18":3,"s:31:23:50:Infinity":9,"f:31:23:31:35":4,"s:32:6:32:Infinity":10,"s:33:6:33:Infinity":11,"s:35:6:49:Infinity":12,"s:36:21:36:Infinity":13,"s:37:8:37:Infinity":14,"s:46:8:46:Infinity":15,"s:48:8:48:Infinity":16,"s:52:4:52:Infinity":17,"s:55:21:73:Infinity":18,"f:55:21:55:28":5,"b:56:4:72:Infinity:undefined:undefined:undefined:undefined":2,"s:56:4:72:Infinity":19,"s:57:6:71:Infinity":20,"s:58:8:58:Infinity":21,"s:68:8:68:Infinity":22,"f:68:23:68:31":6,"s:68:40:68:54":23,"s:70:8:70:Infinity":24,"s:92:21:92:Infinity":25,"s:94:2:182:Infinity":26,"b:109:7:109:Infinity:110:8:113:Infinity":3,"b:116:7:116:Infinity:117:8:119:Infinity":4,"b:122:7:122:19:122:19:122:29:122:29:122:Infinity:123:8:129:Infinity":5,"b:132:7:132:19:132:19:132:29:132:29:132:Infinity:133:8:180:Infinity":6,"f:152:19:152:24":7,"s:153:14:177:Infinity":27,"f:173:18:173:33":8,"s:173:33:173:Infinity":28}}}
}
